2026-07-13 04:12:21 | unimol_tools/models/unimol.py | 169 | INFO | Uni-Mol Tools | Loading pretrained weights from /usr/local/lib/python3.11/site-packages/unimol_tools/weights/mol_pre_all_h_220816.pt
2026-07-13 04:12:21 | unimol_tools/data/conformer.py | 185 | INFO | Uni-Mol Tools | Start generating conformers...
2026-07-13 04:12:22 | unimol_tools/data/conformer.py | 199 | INFO | Uni-Mol Tools | Succeeded in generating conformers for 100.00% of molecules.
2026-07-13 04:12:22 | unimol_tools/data/conformer.py | 216 | INFO | Uni-Mol Tools | Succeeded in generating 3d conformers for 100.00% of molecules.
2026-07-13 04:12:22 | unimol_tools/tasks/trainer.py | 103 | INFO | Uni-Mol Tools | Using CPU.
2026-07-13 04:12:22 | unimol_tools/data/conformer.py | 185 | INFO | Uni-Mol Tools | Start generating conformers...
2026-07-13 04:12:22 | unimol_tools/data/conformer.py | 199 | INFO | Uni-Mol Tools | Succeeded in generating conformers for 100.00% of molecules.
2026-07-13 04:12:22 | unimol_tools/data/conformer.py | 216 | INFO | Uni-Mol Tools | Succeeded in generating 3d conformers for 100.00% of molecules.
2026-07-13 04:12:22 | unimol_tools/tasks/trainer.py | 103 | INFO | Uni-Mol Tools | Using CPU.
2026-07-13 04:12:22 | unimol_tools/data/conformer.py | 185 | INFO | Uni-Mol Tools | Start generating conformers...
2026-07-13 04:12:23 | unimol_tools/data/conformer.py | 199 | INFO | Uni-Mol Tools | Succeeded in generating conformers for 100.00% of molecules.
2026-07-13 04:12:23 | unimol_tools/data/conformer.py | 216 | INFO | Uni-Mol Tools | Succeeded in generating 3d conformers for 100.00% of molecules.
2026-07-13 04:12:23 | unimol_tools/tasks/trainer.py | 103 | INFO | Uni-Mol Tools | Using CPU.
2026-07-13 04:12:23 | unimol_tools/data/conformer.py | 185 | INFO | Uni-Mol Tools | Start generating conformers...
2026-07-13 04:12:23 | unimol_tools/data/conformer.py | 199 | INFO | Uni-Mol Tools | Succeeded in generating conformers for 100.00% of molecules.
2026-07-13 04:12:23 | unimol_tools/data/conformer.py | 216 | INFO | Uni-Mol Tools | Succeeded in generating 3d conformers for 100.00% of molecules.
2026-07-13 04:12:23 | unimol_tools/tasks/trainer.py | 103 | INFO | Uni-Mol Tools | Using CPU.
2026-07-13 04:12:24 | unimol_tools/data/conformer.py | 185 | INFO | Uni-Mol Tools | Start generating conformers...
2026-07-13 04:12:24 | unimol_tools/data/conformer.py | 199 | INFO | Uni-Mol Tools | Succeeded in generating conformers for 100.00% of molecules.
2026-07-13 04:12:24 | unimol_tools/data/conformer.py | 216 | INFO | Uni-Mol Tools | Succeeded in generating 3d conformers for 100.00% of molecules.
2026-07-13 04:12:24 | unimol_tools/tasks/trainer.py | 103 | INFO | Uni-Mol Tools | Using CPU.
2026-07-13 04:12:24 | unimol_tools/data/conformer.py | 185 | INFO | Uni-Mol Tools | Start generating conformers...
2026-07-13 04:12:25 | unimol_tools/data/conformer.py | 199 | INFO | Uni-Mol Tools | Succeeded in generating conformers for 0.00% of molecules.
2026-07-13 04:12:25 | unimol_tools/data/conformer.py | 208 | INFO | Uni-Mol Tools | Failed conformers indices: [0]
2026-07-13 04:12:25 | unimol_tools/data/conformer.py | 216 | INFO | Uni-Mol Tools | Succeeded in generating 3d conformers for 0.00% of molecules.
2026-07-13 04:12:25 | unimol_tools/data/conformer.py | 225 | INFO | Uni-Mol Tools | Failed 3d conformers indices: [0]
2026-07-13 04:12:25 | unimol_tools/tasks/trainer.py | 103 | INFO | Uni-Mol Tools | Using CPU.
2026-07-13 04:12:25 | unimol_tools/data/conformer.py | 185 | INFO | Uni-Mol Tools | Start generating conformers...
2026-07-13 04:12:26 | unimol_tools/data/conformer.py | 199 | INFO | Uni-Mol Tools | Succeeded in generating conformers for 0.00% of molecules.
2026-07-13 04:12:26 | unimol_tools/data/conformer.py | 208 | INFO | Uni-Mol Tools | Failed conformers indices: [0]
2026-07-13 04:12:26 | unimol_tools/data/conformer.py | 216 | INFO | Uni-Mol Tools | Succeeded in generating 3d conformers for 0.00% of molecules.
2026-07-13 04:12:26 | unimol_tools/data/conformer.py | 225 | INFO | Uni-Mol Tools | Failed 3d conformers indices: [0]
2026-07-13 04:12:26 | unimol_tools/tasks/trainer.py | 103 | INFO | Uni-Mol Tools | Using CPU.
2026-07-13 04:12:26 | unimol_tools/data/conformer.py | 185 | INFO | Uni-Mol Tools | Start generating conformers...
2026-07-13 04:12:26 | unimol_tools/data/conformer.py | 199 | INFO | Uni-Mol Tools | Succeeded in generating conformers for 0.00% of molecules.
2026-07-13 04:12:26 | unimol_tools/data/conformer.py | 208 | INFO | Uni-Mol Tools | Failed conformers indices: [0]
2026-07-13 04:12:26 | unimol_tools/data/conformer.py | 216 | INFO | Uni-Mol Tools | Succeeded in generating 3d conformers for 0.00% of molecules.
2026-07-13 04:12:26 | unimol_tools/data/conformer.py | 225 | INFO | Uni-Mol Tools | Failed 3d conformers indices: [0]
2026-07-13 04:12:26 | unimol_tools/tasks/trainer.py | 103 | INFO | Uni-Mol Tools | Using CPU.
2026-07-13 04:12:26 | unimol_tools/data/conformer.py | 185 | INFO | Uni-Mol Tools | Start generating conformers...
2026-07-13 04:12:26 | unimol_tools/data/conformer.py | 199 | INFO | Uni-Mol Tools | Succeeded in generating conformers for 0.00% of molecules.
2026-07-13 04:12:26 | unimol_tools/data/conformer.py | 208 | INFO | Uni-Mol Tools | Failed conformers indices: [0]
2026-07-13 04:12:26 | unimol_tools/data/conformer.py | 216 | INFO | Uni-Mol Tools | Succeeded in generating 3d conformers for 0.00% of molecules.
2026-07-13 04:12:26 | unimol_tools/data/conformer.py | 225 | INFO | Uni-Mol Tools | Failed 3d conformers indices: [0]
2026-07-13 04:12:26 | unimol_tools/tasks/trainer.py | 103 | INFO | Uni-Mol Tools | Using CPU.
